<?xml version="1.0" encoding="UTF-8"?>
<!-- Generated by org.testng.reporters.JUnitReportReporter -->
<testsuite hostname="Mistres-MacBook-Pro.local" name="project.TC_001" tests="2" failures="0" timestamp="27 Apr 2020 02:42:27 GMT" time="7.843" errors="0">
  <testcase name="verfyaccmybeflink" time="4.518" classname="project.TC_001"/>
  <testcase name="varifytitle" time="3.325" classname="project.TC_001"/>
</testsuite>
