<?xml version="1.0" encoding="UTF-8"?>
<!-- Generated by org.testng.reporters.JUnitReportReporter -->
<testsuite hostname="Mistres-MacBook-Pro.local" name="project.TC_CAREFIR_001" tests="5" failures="0" timestamp="28 Apr 2020 20:02:44 GMT" time="4.553" errors="0">
  <testcase name="clickonfamilink" time="0.341" classname="project.TC_CAREFIR_001"/>
  <testcase name="varifytitle" time="0.010" classname="project.TC_CAREFIR_001"/>
  <testcase name="closechildwindow" time="2.338" classname="project.TC_CAREFIR_001"/>
  <testcase name="varifylink" time="0.336" classname="project.TC_CAREFIR_001"/>
  <testcase name="varifyquotebtn" time="1.528" classname="project.TC_CAREFIR_001"/>
</testsuite>
