<?xml version="1.0" encoding="UTF-8"?>
<!-- Generated by org.testng.reporters.JUnitReportReporter -->
<testsuite hostname="Mistres-MacBook-Pro.local" name="project.BaseClass" tests="1" failures="0" timestamp="27 Apr 2020 02:18:14 GMT" time="5.612" errors="0">
  <testcase name="setup" time="5.612" classname="project.BaseClass"/>
</testsuite>
