<?xml version="1.0" encoding="UTF-8"?>
<!-- Generated by org.testng.reporters.JUnitReportReporter -->
<testsuite skipped="1" hostname="Mistres-MacBook-Pro.local" name="Test_NG.Daia_provider" tests="1" failures="0" timestamp="2020-05-02T21:08:02 EDT" time="0.000" errors="0">
  <testcase name="VerfySerachbox" time="0.000" classname="Test_NG.Daia_provider">
    <skipped/>
  </testcase> <!-- VerfySerachbox -->
  <system-out/>
</testsuite> <!-- Test_NG.Daia_provider -->
